<?xml version="1.0" encoding="UTF-8"?>
<testng-results skipped="0" failed="0" ignored="0" total="1" passed="1">
  <reporter-output>
  </reporter-output>
  <suite name="Login" duration-ms="16832" started-at="2020-06-04T15:51:08 CEST" finished-at="2020-06-04T15:51:25 CEST">
    <groups>
    </groups>
    <test name="LoginTest" duration-ms="16832" started-at="2020-06-04T15:51:08 CEST" finished-at="2020-06-04T15:51:25 CEST">
      <class name="com.selenium.testCases.TC_LoginTest_001">
        <test-method status="PASS" signature="setup(java.lang.String)[pri:0, instance:com.selenium.testCases.TC_LoginTest_001@2286778]" name="setup" is-config="true" duration-ms="12354" started-at="2020-06-04T15:51:08 CEST" finished-at="2020-06-04T15:51:21 CEST">
          <params>
            <param index="0">
              <value>
                <![CDATA[firefox]]>
              </value>
            </param>
          </params>
          <reporter-output>
          </reporter-output>
        </test-method> <!-- setup -->
        <test-method status="PASS" signature="loginTest()[pri:0, instance:com.selenium.testCases.TC_LoginTest_001@2286778]" name="loginTest" duration-ms="2866" started-at="2020-06-04T15:51:21 CEST" finished-at="2020-06-04T15:51:24 CEST">
          <reporter-output>
          </reporter-output>
        </test-method> <!-- loginTest -->
        <test-method status="PASS" signature="tearDown()[pri:0, instance:com.selenium.testCases.TC_LoginTest_001@2286778]" name="tearDown" is-config="true" duration-ms="1261" started-at="2020-06-04T15:51:24 CEST" finished-at="2020-06-04T15:51:25 CEST">
          <reporter-output>
          </reporter-output>
        </test-method> <!-- tearDown -->
      </class> <!-- com.selenium.testCases.TC_LoginTest_001 -->
    </test> <!-- LoginTest -->
  </suite> <!-- Login -->
</testng-results>
